# JRE version: OpenJDK Runtime Environment Temurin-17.0.9+9 (17.0.9+9) (build 17.0.9+9)
# Java VM: OpenJDK 64-Bit Server VM Temurin-17.0.9+9 (17.0.9+9, mixed mode, sharing, tiered, compressed oops, compressed class ptrs, g1 gc, windows-amd64)
GC Precious Log:
 CPUs: 8 total, 8 available
 Memory: 8072M
 Large Page Support: Disabled
 NUMA Support: Disabled
 Compressed Oops: Enabled (32-bit)
 Heap Region Size: 1M
 Heap Min Capacity: 8M
 Heap Initial Capacity: 128M
 Heap Max Capacity: 2020M
 Pre-touch: Disabled
 Parallel Workers: 8
 Concurrent Workers: 2
 Concurrent Refinement Workers: 8
 Periodic GC: Disabled
Heap:
 garbage-first heap   total 45056K, used 30648K [0x0000000081c00000, 0x0000000100000000)
  region size 1024K, 13 young (13312K), 2 survivors (2048K)
 Metaspace       used 32381K, committed 32832K, reserved 1114112K
  class space    used 4014K, committed 4224K, reserved 1048576K
GC Heap History (14 events):
Event: 1.538 GC heap before
{Heap before GC invocations=0 (full 0):
 garbage-first heap   total 131072K, used 22528K [0x0000000081c00000, 0x0000000100000000)
  region size 1024K, 23 young (23552K), 0 survivors (0K)
 Metaspace       used 8378K, committed 8576K, reserved 1114112K
  class space    used 1063K, committed 1216K, reserved 1048576K
}
Event: 1.548 GC heap after
{Heap after GC invocations=1 (full 0):
 garbage-first heap   total 131072K, used 5698K [0x0000000081c00000, 0x0000000100000000)
  region size 1024K, 3 young (3072K), 3 survivors (3072K)
 Metaspace       used 8378K, committed 8576K, reserved 1114112K
  class space    used 1063K, committed 1216K, reserved 1048576K
}
Event: 2.510 GC heap before
{Heap before GC invocations=1 (full 0):
 garbage-first heap   total 131072K, used 33346K [0x0000000081c00000, 0x0000000100000000)
  region size 1024K, 31 young (31744K), 3 survivors (3072K)
 Metaspace       used 15123K, committed 15424K, reserved 1114112K
  class space    used 1898K, committed 2048K, reserved 1048576K
}
Event: 2.517 GC heap after
{Heap after GC invocations=2 (full 0):
 garbage-first heap   total 131072K, used 8335K [0x0000000081c00000, 0x0000000100000000)
  region size 1024K, 3 young (3072K), 3 survivors (3072K)
 Metaspace       used 15123K, committed 15424K, reserved 1114112K
  class space    used 1898K, committed 2048K, reserved 1048576K
}
Event: 3.758 GC heap before
{Heap before GC invocations=2 (full 0):
 garbage-first heap   total 131072K, used 32911K [0x0000000081c00000, 0x0000000100000000)
  region size 1024K, 28 young (28672K), 3 survivors (3072K)
 Metaspace       used 21169K, committed 21504K, reserved 1114112K
  class space    used 2648K, committed 2816K, reserved 1048576K
}
Event: 3.765 GC heap after
{Heap after GC invocations=3 (full 0):
 garbage-first heap   total 131072K, used 11938K [0x0000000081c00000, 0x0000000100000000)
  region size 1024K, 6 young (6144K), 6 survivors (6144K)
 Metaspace       used 21169K, committed 21504K, reserved 1114112K
  class space    used 2648K, committed 2816K, reserved 1048576K
}
Event: 4.165 GC heap before
{Heap before GC invocations=4 (full 0):
 garbage-first heap   total 45056K, used 33442K [0x0000000081c00000, 0x0000000100000000)
  region size 1024K, 26 young (26624K), 6 survivors (6144K)
 Metaspace       used 25133K, committed 25472K, reserved 1114112K
  class space    used 3091K, committed 3264K, reserved 1048576K
}
Event: 4.173 GC heap after
{Heap after GC invocations=5 (full 0):
 garbage-first heap   total 45056K, used 15816K [0x0000000081c00000, 0x0000000100000000)
  region size 1024K, 4 young (4096K), 4 survivors (4096K)
 Metaspace       used 25133K, committed 25472K, reserved 1114112K
  class space    used 3091K, committed 3264K, reserved 1048576K
}
Event: 4.178 GC heap before
{Heap before GC invocations=5 (full 0):
 garbage-first heap   total 45056K, used 16840K [0x0000000081c00000, 0x0000000100000000)
  region size 1024K, 5 young (5120K), 4 survivors (4096K)
 Metaspace       used 25133K, committed 25472K, reserved 1114112K
  class space    used 3091K, committed 3264K, reserved 1048576K
}
Event: 4.181 GC heap after
{Heap after GC invocations=6 (full 0):
 garbage-first heap   total 45056K, used 16332K [0x0000000081c00000, 0x0000000100000000)
  region size 1024K, 1 young (1024K), 1 survivors (1024K)
 Metaspace       used 25133K, committed 25472K, reserved 1114112K
  class space    used 3091K, committed 3264K, reserved 1048576K
}
Event: 4.522 GC heap before
{Heap before GC invocations=6 (full 0):
 garbage-first heap   total 45056K, used 29644K [0x0000000081c00000, 0x0000000100000000)
  region size 1024K, 15 young (15360K), 1 survivors (1024K)
 Metaspace       used 28682K, committed 29056K, reserved 1114112K
  class space    used 3543K, committed 3712K, reserved 1048576K
}
Event: 4.524 GC heap after
{Heap after GC invocations=7 (full 0):
 garbage-first heap   total 45056K, used 18345K [0x0000000081c00000, 0x0000000100000000)
  region size 1024K, 2 young (2048K), 2 survivors (2048K)
 Metaspace       used 28682K, committed 29056K, reserved 1114112K
  class space    used 3543K, committed 3712K, reserved 1048576K
}
Event: 5.195 GC heap before
{Heap before GC invocations=7 (full 0):
 garbage-first heap   total 45056K, used 30633K [0x0000000081c00000, 0x0000000100000000)
  region size 1024K, 15 young (15360K), 2 survivors (2048K)
 Metaspace       used 30362K, committed 30784K, reserved 1114112K
  class space    used 3738K, committed 3968K, reserved 1048576K
}
Event: 5.198 GC heap after
{Heap after GC invocations=8 (full 0):
 garbage-first heap   total 45056K, used 21432K [0x0000000081c00000, 0x0000000100000000)
  region size 1024K, 2 young (2048K), 2 survivors (2048K)
 Metaspace       used 30362K, committed 30784K, reserved 1114112K
  class space    used 3738K, committed 3968K, reserved 1048576K
}

